[INFO] Scanning for projects...
[WARNING] 
[WARNING] Some problems were encountered while building the effective model for io.hyperfoil.tools:yaup-cli:jar:0.9.3-SNAPSHOT
[WARNING] 'build.plugins.plugin.version' for ${quarkus.platform.group-id}:quarkus-maven-plugin is missing. @ line 80, column 15
[WARNING] 
[WARNING] It is highly recommended to fix these problems because they threaten the stability of your build.
[WARNING] 
[WARNING] For this reason, future Maven versions might no longer support building such malformed projects.
[WARNING] 
[INFO] 
[INFO] --------------------< io.hyperfoil.tools:yaup-cli >---------------------
[INFO] Building yaup-cli 0.9.3-SNAPSHOT
[INFO]   from pom.xml
[INFO] --------------------------------[ jar ]---------------------------------
[INFO] 
[INFO] --- dependency:3.6.1:tree (default-cli) @ yaup-cli ---
[INFO] io.hyperfoil.tools:yaup-cli:jar:0.9.3-SNAPSHOT
[INFO] +- io.hyperfoil.tools:yaup:jar:0.9.3-SNAPSHOT:compile
[INFO] |  +- org.graalvm.sdk:graal-sdk:jar:23.1.2:compile
[INFO] |  |  +- org.graalvm.sdk:collections:jar:23.1.2:compile
[INFO] |  |  +- org.graalvm.sdk:nativeimage:jar:23.1.2:compile
[INFO] |  |  \- org.graalvm.sdk:word:jar:23.1.2:compile
[INFO] |  +- org.graalvm.polyglot:polyglot:jar:23.1.2:compile
[INFO] |  +- org.graalvm.polyglot:js-community:pom:23.1.2:compile
[INFO] |  |  +- org.graalvm.js:js-language:jar:23.1.2:runtime
[INFO] |  |  \- org.graalvm.truffle:truffle-runtime:jar:23.1.2:runtime
[INFO] |  |     +- org.graalvm.sdk:jniutils:jar:23.1.2:runtime
[INFO] |  |     \- org.graalvm.truffle:truffle-compiler:jar:23.1.2:runtime
[INFO] |  +- com.fasterxml.jackson.core:jackson-core:jar:2.12.7:compile
[INFO] |  +- com.fasterxml.jackson.core:jackson-databind:jar:2.12.7:compile
[INFO] |  |  \- com.fasterxml.jackson.core:jackson-annotations:jar:2.16.1:compile
[INFO] |  +- org.json:json:jar:20231013:compile
[INFO] |  +- org.apache.commons:commons-lang3:jar:3.11:compile
[INFO] |  +- org.apache.commons:commons-compress:jar:1.21:compile
[INFO] |  +- org.jboss.logging:jboss-logging:jar:3.5.3.Final:compile
[INFO] |  +- commons-cli:commons-cli:jar:1.4:compile
[INFO] |  +- org.yaml:snakeyaml:jar:2.2:compile
[INFO] |  +- com.jayway.jsonpath:json-path:jar:2.8.0:compile
[INFO] |  |  +- net.minidev:json-smart:jar:2.4.10:runtime
[INFO] |  |  |  \- net.minidev:accessors-smart:jar:2.4.9:runtime
[INFO] |  |  \- org.slf4j:slf4j-api:jar:2.0.6:compile
[INFO] |  +- org.graalvm.regex:regex:jar:23.1.2:compile
[INFO] |  |  +- org.graalvm.truffle:truffle-api:jar:23.1.2:compile
[INFO] |  |  \- org.graalvm.shadowed:icu4j:jar:23.1.2:compile
[INFO] |  +- io.vertx:vertx-json-schema:jar:4.4.6:compile
[INFO] |  \- org.jboss.logmanager:log4j2-jboss-logmanager:jar:1.1.2.Final:compile
[INFO] |     +- org.apache.logging.log4j:log4j-api:jar:2.23.1:compile
[INFO] |     \- org.jboss.logmanager:jboss-logmanager:jar:3.0.4.Final:test
[INFO] |        +- org.jboss.modules:jboss-modules:jar:2.1.2.Final:test
[INFO] |        +- io.smallrye.common:smallrye-common-constraint:jar:2.3.0:compile
[INFO] |        +- io.smallrye.common:smallrye-common-cpu:jar:2.3.0:test
[INFO] |        +- io.smallrye.common:smallrye-common-expression:jar:2.3.0:compile
[INFO] |        |  \- io.smallrye.common:smallrye-common-function:jar:2.3.0:compile
[INFO] |        +- io.smallrye.common:smallrye-common-net:jar:2.3.0:test
[INFO] |        +- io.smallrye.common:smallrye-common-ref:jar:2.3.0:test
[INFO] |        +- jakarta.json:jakarta.json-api:jar:2.1.3:test
[INFO] |        \- org.eclipse.parsson:parsson:jar:1.1.5:test
[INFO] +- io.quarkus:quarkus-picocli:jar:3.9.1:compile
[INFO] |  +- io.quarkus:quarkus-core:jar:3.9.1:compile
[INFO] |  |  +- jakarta.annotation:jakarta.annotation-api:jar:2.1.1:compile
[INFO] |  |  +- jakarta.enterprise:jakarta.enterprise.cdi-api:jar:4.0.1:compile
[INFO] |  |  |  +- jakarta.enterprise:jakarta.enterprise.lang-model:jar:4.0.1:compile
[INFO] |  |  |  +- jakarta.el:jakarta.el-api:jar:5.0.1:compile
[INFO] |  |  |  \- jakarta.interceptor:jakarta.interceptor-api:jar:2.1.0:compile
[INFO] |  |  +- jakarta.inject:jakarta.inject-api:jar:2.0.1:compile
[INFO] |  |  +- io.smallrye.common:smallrye-common-os:jar:2.3.0:compile
[INFO] |  |  +- io.quarkus:quarkus-ide-launcher:jar:3.9.1:compile
[INFO] |  |  +- io.quarkus:quarkus-development-mode-spi:jar:3.9.1:compile
[INFO] |  |  +- io.smallrye.config:smallrye-config:jar:3.7.1:compile
[INFO] |  |  |  \- io.smallrye.config:smallrye-config-core:jar:3.7.1:compile
[INFO] |  |  |     +- org.eclipse.microprofile.config:microprofile-config-api:jar:3.0.3:compile
[INFO] |  |  |     +- io.smallrye.common:smallrye-common-classloader:jar:2.3.0:compile
[INFO] |  |  |     \- io.smallrye.config:smallrye-config-common:jar:3.7.1:compile
[INFO] |  |  +- org.jboss.logging:jboss-logging-annotations:jar:2.2.1.Final:compile
[INFO] |  |  +- org.jboss.threads:jboss-threads:jar:3.6.0.Final:compile
[INFO] |  |  +- org.jboss.slf4j:slf4j-jboss-logmanager:jar:2.0.0.Final:compile
[INFO] |  |  +- org.wildfly.common:wildfly-common:jar:1.7.0.Final:compile
[INFO] |  |  +- io.quarkus:quarkus-bootstrap-runner:jar:3.9.1:compile
[INFO] |  |  |  \- io.github.crac:org-crac:jar:0.1.3:compile
[INFO] |  |  \- io.quarkus:quarkus-fs-util:jar:0.0.10:compile
[INFO] |  \- info.picocli:picocli:jar:4.7.5:compile
[INFO] +- io.quarkus:quarkus-arc:jar:3.9.1:compile
[INFO] |  +- io.quarkus.arc:arc:jar:3.9.1:compile
[INFO] |  |  +- jakarta.transaction:jakarta.transaction-api:jar:2.0.1:compile
[INFO] |  |  \- io.smallrye.reactive:mutiny:jar:2.5.8:compile
[INFO] |  |     \- io.smallrye.common:smallrye-common-annotation:jar:2.3.0:compile
[INFO] |  \- org.eclipse.microprofile.context-propagation:microprofile-context-propagation-api:jar:1.3:compile
[INFO] \- io.quarkus:quarkus-junit5:jar:3.9.1:test
[INFO]    +- io.quarkus:quarkus-bootstrap-core:jar:3.9.1:test
[INFO]    |  +- io.quarkus:quarkus-bootstrap-app-model:jar:3.9.1:test
[INFO]    |  \- io.smallrye.common:smallrye-common-io:jar:2.3.0:compile
[INFO]    +- org.eclipse.sisu:org.eclipse.sisu.inject:jar:0.9.0.M2:test
[INFO]    +- io.quarkus:quarkus-test-common:jar:3.9.1:test
[INFO]    |  +- io.quarkus:quarkus-core-deployment:jar:3.9.1:test
[INFO]    |  |  +- org.aesh:readline:jar:2.4:test
[INFO]    |  |  |  \- org.fusesource.jansi:jansi:jar:2.4.0:test
[INFO]    |  |  +- org.aesh:aesh:jar:2.7:test
[INFO]    |  |  +- io.quarkus.gizmo:gizmo:jar:1.8.0:test
[INFO]    |  |  |  \- org.ow2.asm:asm-util:jar:9.6:test
[INFO]    |  |  |     \- org.ow2.asm:asm-analysis:jar:9.6:test
[INFO]    |  |  +- org.ow2.asm:asm:jar:9.6:runtime
[INFO]    |  |  +- org.ow2.asm:asm-commons:jar:9.6:test
[INFO]    |  |  |  \- org.ow2.asm:asm-tree:jar:9.6:test
[INFO]    |  |  +- io.quarkus:quarkus-class-change-agent:jar:3.9.1:test
[INFO]    |  |  +- io.quarkus:quarkus-devtools-utilities:jar:3.9.1:test
[INFO]    |  |  +- io.quarkus:quarkus-builder:jar:3.9.1:test
[INFO]    |  |  \- org.junit.platform:junit-platform-launcher:jar:1.10.2:test
[INFO]    |  +- io.quarkus:quarkus-bootstrap-maven-resolver:jar:3.9.1:test
[INFO]    |  |  +- io.smallrye.beanbag:smallrye-beanbag-maven:jar:1.4.0:test
[INFO]    |  |  |  +- io.smallrye.beanbag:smallrye-beanbag-sisu:jar:1.4.0:test
[INFO]    |  |  |  |  \- io.smallrye.beanbag:smallrye-beanbag:jar:1.4.0:test
[INFO]    |  |  |  +- commons-codec:commons-codec:jar:1.16.1:test
[INFO]    |  |  |  +- javax.inject:javax.inject:jar:1:test
[INFO]    |  |  |  +- org.apache.httpcomponents:httpclient:jar:4.5.14:test
[INFO]    |  |  |  +- org.apache.httpcomponents:httpcore:jar:4.4.16:test
[INFO]    |  |  |  +- org.apache.maven:maven-artifact:jar:3.9.6:test
[INFO]    |  |  |  +- org.apache.maven:maven-builder-support:jar:3.9.6:test
[INFO]    |  |  |  +- org.apache.maven:maven-model:jar:3.9.6:test
[INFO]    |  |  |  +- org.apache.maven:maven-model-builder:jar:3.9.6:test
[INFO]    |  |  |  +- org.apache.maven:maven-repository-metadata:jar:3.9.6:test
[INFO]    |  |  |  +- org.apache.maven:maven-settings:jar:3.9.6:test
[INFO]    |  |  |  +- org.apache.maven.resolver:maven-resolver-api:jar:1.9.18:test
[INFO]    |  |  |  +- org.apache.maven.resolver:maven-resolver-impl:jar:1.9.18:test
[INFO]    |  |  |  |  \- org.apache.maven.resolver:maven-resolver-named-locks:jar:1.9.18:test
[INFO]    |  |  |  +- org.apache.maven.resolver:maven-resolver-spi:jar:1.9.18:test
[INFO]    |  |  |  +- org.apache.maven.resolver:maven-resolver-util:jar:1.9.18:test
[INFO]    |  |  |  +- org.apache.maven.resolver:maven-resolver-transport-http:jar:1.9.18:test
[INFO]    |  |  |  +- org.apache.maven.wagon:wagon-provider-api:jar:3.5.3:test
[INFO]    |  |  |  +- org.apache.maven.wagon:wagon-http-shared:jar:3.5.3:test
[INFO]    |  |  |  +- org.codehaus.plexus:plexus-interpolation:jar:1.26:test
[INFO]    |  |  |  +- org.codehaus.plexus:plexus-utils:jar:3.5.1:test
[INFO]    |  |  |  +- org.codehaus.plexus:plexus-xml:jar:4.0.0:test
[INFO]    |  |  |  |  \- org.apache.maven:maven-xml-impl:jar:4.0.0-alpha-5:test
[INFO]    |  |  |  |     \- org.apache.maven:maven-api-xml:jar:4.0.0-alpha-5:test
[INFO]    |  |  |  |        \- org.apache.maven:maven-api-meta:jar:4.0.0-alpha-5:test
[INFO]    |  |  |  +- org.codehaus.plexus:plexus-cipher:jar:2.0:test
[INFO]    |  |  |  \- org.codehaus.plexus:plexus-sec-dispatcher:jar:2.0:test
[INFO]    |  |  +- org.apache.maven:maven-embedder:jar:3.9.6:test
[INFO]    |  |  |  +- org.apache.maven:maven-core:jar:3.9.6:test
[INFO]    |  |  |  |  \- org.codehaus.plexus:plexus-component-annotations:jar:2.1.0:test
[INFO]    |  |  |  +- org.apache.maven:maven-plugin-api:jar:3.9.6:test
[INFO]    |  |  |  +- org.apache.maven.shared:maven-shared-utils:jar:3.3.4:test
[INFO]    |  |  |  +- com.google.inject:guice:jar:5.1.0:test
[INFO]    |  |  |  |  \- aopalliance:aopalliance:jar:1.0:test
[INFO]    |  |  |  +- com.google.guava:guava:jar:33.0.0-jre:test
[INFO]    |  |  |  +- com.google.guava:failureaccess:jar:1.0.1:test
[INFO]    |  |  |  +- javax.annotation:javax.annotation-api:jar:1.3.2:test
[INFO]    |  |  |  \- org.codehaus.plexus:plexus-classworlds:jar:2.6.0:test
[INFO]    |  |  +- org.eclipse.sisu:org.eclipse.sisu.plexus:jar:0.9.0.M2:test
[INFO]    |  |  +- org.apache.maven:maven-settings-builder:jar:3.9.6:test
[INFO]    |  |  +- org.apache.maven:maven-resolver-provider:jar:3.9.6:test
[INFO]    |  |  +- org.apache.maven.resolver:maven-resolver-connector-basic:jar:1.9.18:test
[INFO]    |  |  +- org.apache.maven.resolver:maven-resolver-transport-wagon:jar:1.9.18:test
[INFO]    |  |  +- org.apache.maven.wagon:wagon-http:jar:3.5.3:test
[INFO]    |  |  +- org.apache.maven.wagon:wagon-file:jar:3.5.3:test
[INFO]    |  |  \- io.fabric8:maven-model-helper:jar:35:test
[INFO]    |  |     \- org.jdom:jdom2:jar:2.0.6.1:test
[INFO]    |  +- io.quarkus:quarkus-bootstrap-gradle-resolver:jar:3.9.1:test
[INFO]    |  +- io.smallrye:jandex:jar:3.1.6:test
[INFO]    |  +- commons-io:commons-io:jar:2.15.1:test
[INFO]    |  \- org.jboss.logging:commons-logging-jboss-logging:jar:1.0.0.Final:test
[INFO]    +- io.quarkus:quarkus-junit5-properties:jar:3.9.1:test
[INFO]    +- org.junit.jupiter:junit-jupiter:jar:5.10.2:test
[INFO]    |  +- org.junit.jupiter:junit-jupiter-api:jar:5.10.2:test
[INFO]    |  |  +- org.opentest4j:opentest4j:jar:1.3.0:test
[INFO]    |  |  +- org.junit.platform:junit-platform-commons:jar:1.10.2:test
[INFO]    |  |  \- org.apiguardian:apiguardian-api:jar:1.1.2:test
[INFO]    |  +- org.junit.jupiter:junit-jupiter-params:jar:5.10.2:test
[INFO]    |  \- org.junit.jupiter:junit-jupiter-engine:jar:5.10.2:test
[INFO]    |     \- org.junit.platform:junit-platform-engine:jar:1.10.2:test
[INFO]    \- com.thoughtworks.xstream:xstream:jar:1.4.20:test
[INFO]       \- io.github.x-stream:mxparser:jar:1.2.2:test
[INFO]          \- xmlpull:xmlpull:jar:1.1.3.1:test
[INFO] ------------------------------------------------------------------------
[INFO] BUILD SUCCESS
[INFO] ------------------------------------------------------------------------
[INFO] Total time:  1.106 s
[INFO] Finished at: 2024-05-23T10:48:43-04:00
[INFO] ------------------------------------------------------------------------
